Start testing: Jan 22 03:55 UTC
----------------------------------------------------------
1/88 Testing: BuildSystemTest.ProjectStructure
1/88 Test: BuildSystemTest.ProjectStructure
Command: "/workspaces/SM_2D/build/tests/sm2d_tests" "--gtest_filter=BuildSystemTest.ProjectStructure" "--gtest_also_run_disabled_tests"
Directory: /workspaces/SM_2D/build/tests
"BuildSystemTest.ProjectStructure" start time: Jan 22 03:55 UTC
Output:
----------------------------------------------------------
Running main() from ./googletest/src/gtest_main.cc
Note: Google Test filter = BuildSystemTest.ProjectStructure
[==========] Running 1 test from 1 test suite.
[----------] Global test environment set-up.
[----------] 1 test from BuildSystemTest
[ RUN      ] BuildSystemTest.ProjectStructure
[       OK ] BuildSystemTest.ProjectStructure (0 ms)
[----------] 1 test from BuildSystemTest (0 ms total)

[----------] Global test environment tear-down
[==========] 1 test from 1 test suite ran. (0 ms total)
[  PASSED  ] 1 test.
<end of output>
Test time =   0.01 sec
----------------------------------------------------------
Test Passed.
"BuildSystemTest.ProjectStructure" end time: Jan 22 03:55 UTC
"BuildSystemTest.ProjectStructure" time elapsed: 00:00:00
----------------------------------------------------------

2/88 Testing: BuildSystemTest.CMakeLists
2/88 Test: BuildSystemTest.CMakeLists
Command: "/workspaces/SM_2D/build/tests/sm2d_tests" "--gtest_filter=BuildSystemTest.CMakeLists" "--gtest_also_run_disabled_tests"
Directory: /workspaces/SM_2D/build/tests
"BuildSystemTest.CMakeLists" start time: Jan 22 03:55 UTC
Output:
----------------------------------------------------------
Running main() from ./googletest/src/gtest_main.cc
Note: Google Test filter = BuildSystemTest.CMakeLists
[==========] Running 1 test from 1 test suite.
[----------] Global test environment set-up.
[----------] 1 test from BuildSystemTest
[ RUN      ] BuildSystemTest.CMakeLists
[       OK ] BuildSystemTest.CMakeLists (0 ms)
[----------] 1 test from BuildSystemTest (0 ms total)

[----------] Global test environment tear-down
[==========] 1 test from 1 test suite ran. (0 ms total)
[  PASSED  ] 1 test.
<end of output>
Test time =   0.01 sec
----------------------------------------------------------
Test Passed.
"BuildSystemTest.CMakeLists" end time: Jan 22 03:55 UTC
"BuildSystemTest.CMakeLists" time elapsed: 00:00:00
----------------------------------------------------------

3/88 Testing: CudaSmokeTest.DeviceAvailable
3/88 Test: CudaSmokeTest.DeviceAvailable
Command: "/workspaces/SM_2D/build/tests/sm2d_tests" "--gtest_filter=CudaSmokeTest.DeviceAvailable" "--gtest_also_run_disabled_tests"
Directory: /workspaces/SM_2D/build/tests
"CudaSmokeTest.DeviceAvailable" start time: Jan 22 03:55 UTC
Output:
----------------------------------------------------------
Running main() from ./googletest/src/gtest_main.cc
Note: Google Test filter = CudaSmokeTest.DeviceAvailable
[==========] Running 1 test from 1 test suite.
[----------] Global test environment set-up.
[----------] 1 test from CudaSmokeTest
[ RUN      ] CudaSmokeTest.DeviceAvailable
[       OK ] CudaSmokeTest.DeviceAvailable (119 ms)
[----------] 1 test from CudaSmokeTest (119 ms total)

[----------] Global test environment tear-down
[==========] 1 test from 1 test suite ran. (119 ms total)
[  PASSED  ] 1 test.
<end of output>
Test time =   0.14 sec
----------------------------------------------------------
Test Passed.
"CudaSmokeTest.DeviceAvailable" end time: Jan 22 03:55 UTC
"CudaSmokeTest.DeviceAvailable" time elapsed: 00:00:00
----------------------------------------------------------

4/88 Testing: CudaSmokeTest.CanAllocate
4/88 Test: CudaSmokeTest.CanAllocate
Command: "/workspaces/SM_2D/build/tests/sm2d_tests" "--gtest_filter=CudaSmokeTest.CanAllocate" "--gtest_also_run_disabled_tests"
Directory: /workspaces/SM_2D/build/tests
"CudaSmokeTest.CanAllocate" start time: Jan 22 03:55 UTC
Output:
----------------------------------------------------------
Running main() from ./googletest/src/gtest_main.cc
Note: Google Test filter = CudaSmokeTest.CanAllocate
[==========] Running 1 test from 1 test suite.
[----------] Global test environment set-up.
[----------] 1 test from CudaSmokeTest
[ RUN      ] CudaSmokeTest.CanAllocate
[       OK ] CudaSmokeTest.CanAllocate (286 ms)
[----------] 1 test from CudaSmokeTest (286 ms total)

[----------] Global test environment tear-down
[==========] 1 test from 1 test suite ran. (287 ms total)
[  PASSED  ] 1 test.
<end of output>
Test time =   0.39 sec
----------------------------------------------------------
Test Passed.
"CudaSmokeTest.CanAllocate" end time: Jan 22 03:55 UTC
"CudaSmokeTest.CanAllocate" time elapsed: 00:00:00
----------------------------------------------------------

5/88 Testing: CudaSmokeTest.SimpleKernel
5/88 Test: CudaSmokeTest.SimpleKernel
Command: "/workspaces/SM_2D/build/tests/sm2d_tests" "--gtest_filter=CudaSmokeTest.SimpleKernel" "--gtest_also_run_disabled_tests"
Directory: /workspaces/SM_2D/build/tests
"CudaSmokeTest.SimpleKernel" start time: Jan 22 03:55 UTC
Output:
----------------------------------------------------------
Running main() from ./googletest/src/gtest_main.cc
Note: Google Test filter = CudaSmokeTest.SimpleKernel
[==========] Running 1 test from 1 test suite.
[----------] Global test environment set-up.
[----------] 1 test from CudaSmokeTest
[ RUN      ] CudaSmokeTest.SimpleKernel
[       OK ] CudaSmokeTest.SimpleKernel (283 ms)
[----------] 1 test from CudaSmokeTest (283 ms total)

[----------] Global test environment tear-down
[==========] 1 test from 1 test suite ran. (284 ms total)
[  PASSED  ] 1 test.
<end of output>
Test time =   0.40 sec
----------------------------------------------------------
Test Passed.
"CudaSmokeTest.SimpleKernel" end time: Jan 22 03:55 UTC
"CudaSmokeTest.SimpleKernel" time elapsed: 00:00:00
----------------------------------------------------------

6/88 Testing: MemoryBudgetTest.InitialUsageLow
6/88 Test: MemoryBudgetTest.InitialUsageLow
Command: "/workspaces/SM_2D/build/tests/sm2d_tests" "--gtest_filter=MemoryBudgetTest.InitialUsageLow" "--gtest_also_run_disabled_tests"
Directory: /workspaces/SM_2D/build/tests
"MemoryBudgetTest.InitialUsageLow" start time: Jan 22 03:55 UTC
Output:
----------------------------------------------------------
Running main() from ./googletest/src/gtest_main.cc
Note: Google Test filter = MemoryBudgetTest.InitialUsageLow
[==========] Running 1 test from 1 test suite.
[----------] Global test environment set-up.
[----------] 1 test from MemoryBudgetTest
[ RUN      ] MemoryBudgetTest.InitialUsageLow
[       OK ] MemoryBudgetTest.InitialUsageLow (268 ms)
[----------] 1 test from MemoryBudgetTest (268 ms total)

[----------] Global test environment tear-down
[==========] 1 test from 1 test suite ran. (268 ms total)
[  PASSED  ] 1 test.
<end of output>
Test time =   0.37 sec
----------------------------------------------------------
Test Passed.
"MemoryBudgetTest.InitialUsageLow" end time: Jan 22 03:55 UTC
"MemoryBudgetTest.InitialUsageLow" time elapsed: 00:00:00
----------------------------------------------------------

7/88 Testing: MemoryBudgetTest.AllocationTracked
7/88 Test: MemoryBudgetTest.AllocationTracked
Command: "/workspaces/SM_2D/build/tests/sm2d_tests" "--gtest_filter=MemoryBudgetTest.AllocationTracked" "--gtest_also_run_disabled_tests"
Directory: /workspaces/SM_2D/build/tests
"MemoryBudgetTest.AllocationTracked" start time: Jan 22 03:55 UTC
Output:
----------------------------------------------------------
Running main() from ./googletest/src/gtest_main.cc
Note: Google Test filter = MemoryBudgetTest.AllocationTracked
[==========] Running 1 test from 1 test suite.
[----------] Global test environment set-up.
[----------] 1 test from MemoryBudgetTest
[ RUN      ] MemoryBudgetTest.AllocationTracked
[       OK ] MemoryBudgetTest.AllocationTracked (256 ms)
[----------] 1 test from MemoryBudgetTest (256 ms total)

[----------] Global test environment tear-down
[==========] 1 test from 1 test suite ran. (256 ms total)
[  PASSED  ] 1 test.
<end of output>
Test time =   0.36 sec
----------------------------------------------------------
Test Passed.
"MemoryBudgetTest.AllocationTracked" end time: Jan 22 03:55 UTC
"MemoryBudgetTest.AllocationTracked" time elapsed: 00:00:00
----------------------------------------------------------

8/88 Testing: LoggerTest.InfoLevelWorks
8/88 Test: LoggerTest.InfoLevelWorks
Command: "/workspaces/SM_2D/build/tests/sm2d_tests" "--gtest_filter=LoggerTest.InfoLevelWorks" "--gtest_also_run_disabled_tests"
Directory: /workspaces/SM_2D/build/tests
"LoggerTest.InfoLevelWorks" start time: Jan 22 03:55 UTC
Output:
----------------------------------------------------------
Running main() from ./googletest/src/gtest_main.cc
Note: Google Test filter = LoggerTest.InfoLevelWorks
[==========] Running 1 test from 1 test suite.
[----------] Global test environment set-up.
[----------] 1 test from LoggerTest
[ RUN      ] LoggerTest.InfoLevelWorks
[03:55:41] [0;32mINFO[0m: Test info message: {}
[       OK ] LoggerTest.InfoLevelWorks (0 ms)
[----------] 1 test from LoggerTest (0 ms total)

[----------] Global test environment tear-down
[==========] 1 test from 1 test suite ran. (0 ms total)
[  PASSED  ] 1 test.
<end of output>
Test time =   0.01 sec
----------------------------------------------------------
Test Passed.
"LoggerTest.InfoLevelWorks" end time: Jan 22 03:55 UTC
"LoggerTest.InfoLevelWorks" time elapsed: 00:00:00
----------------------------------------------------------

9/88 Testing: CudaPoolTest.AllocateDeallocate
9/88 Test: CudaPoolTest.AllocateDeallocate
Command: "/workspaces/SM_2D/build/tests/sm2d_tests" "--gtest_filter=CudaPoolTest.AllocateDeallocate" "--gtest_also_run_disabled_tests"
Directory: /workspaces/SM_2D/build/tests
"CudaPoolTest.AllocateDeallocate" start time: Jan 22 03:55 UTC
Output:
----------------------------------------------------------
Running main() from ./googletest/src/gtest_main.cc
Note: Google Test filter = CudaPoolTest.AllocateDeallocate
[==========] Running 1 test from 1 test suite.
[----------] Global test environment set-up.
[----------] 1 test from CudaPoolTest
[ RUN      ] CudaPoolTest.AllocateDeallocate
[       OK ] CudaPoolTest.AllocateDeallocate (263 ms)
[----------] 1 test from CudaPoolTest (263 ms total)

[----------] Global test environment tear-down
[==========] 1 test from 1 test suite ran. (263 ms total)
[  PASSED  ] 1 test.
<end of output>
Test time =   0.37 sec
----------------------------------------------------------
Test Passed.
"CudaPoolTest.AllocateDeallocate" end time: Jan 22 03:55 UTC
"CudaPoolTest.AllocateDeallocate" time elapsed: 00:00:00
----------------------------------------------------------

10/88 Testing: CudaPoolTest.MultipleAllocations
10/88 Test: CudaPoolTest.MultipleAllocations
Command: "/workspaces/SM_2D/build/tests/sm2d_tests" "--gtest_filter=CudaPoolTest.MultipleAllocations" "--gtest_also_run_disabled_tests"
Directory: /workspaces/SM_2D/build/tests
"CudaPoolTest.MultipleAllocations" start time: Jan 22 03:55 UTC
Output:
----------------------------------------------------------
Running main() from ./googletest/src/gtest_main.cc
Note: Google Test filter = CudaPoolTest.MultipleAllocations
[==========] Running 1 test from 1 test suite.
[----------] Global test environment set-up.
[----------] 1 test from CudaPoolTest
[ RUN      ] CudaPoolTest.MultipleAllocations
[       OK ] CudaPoolTest.MultipleAllocations (290 ms)
[----------] 1 test from CudaPoolTest (290 ms total)

[----------] Global test environment tear-down
[==========] 1 test from 1 test suite ran. (290 ms total)
[  PASSED  ] 1 test.
<end of output>
Test time =   0.40 sec
----------------------------------------------------------
Test Passed.
"CudaPoolTest.MultipleAllocations" end time: Jan 22 03:55 UTC
"CudaPoolTest.MultipleAllocations" time elapsed: 00:00:00
----------------------------------------------------------

11/88 Testing: EnergyGridTest.BinEdgesCorrect
11/88 Test: EnergyGridTest.BinEdgesCorrect
Command: "/workspaces/SM_2D/build/tests/sm2d_tests" "--gtest_filter=EnergyGridTest.BinEdgesCorrect" "--gtest_also_run_disabled_tests"
Directory: /workspaces/SM_2D/build/tests
"EnergyGridTest.BinEdgesCorrect" start time: Jan 22 03:55 UTC
Output:
----------------------------------------------------------
Running main() from ./googletest/src/gtest_main.cc
Note: Google Test filter = EnergyGridTest.BinEdgesCorrect
[==========] Running 1 test from 1 test suite.
[----------] Global test environment set-up.
[----------] 1 test from EnergyGridTest
[ RUN      ] EnergyGridTest.BinEdgesCorrect
[       OK ] EnergyGridTest.BinEdgesCorrect (0 ms)
[----------] 1 test from EnergyGridTest (0 ms total)

[----------] Global test environment tear-down
[==========] 1 test from 1 test suite ran. (0 ms total)
[  PASSED  ] 1 test.
<end of output>
Test time =   0.01 sec
----------------------------------------------------------
Test Passed.
"EnergyGridTest.BinEdgesCorrect" end time: Jan 22 03:55 UTC
"EnergyGridTest.BinEdgesCorrect" time elapsed: 00:00:00
----------------------------------------------------------

12/88 Testing: EnergyGridTest.FindEnergyBin
12/88 Test: EnergyGridTest.FindEnergyBin
Command: "/workspaces/SM_2D/build/tests/sm2d_tests" "--gtest_filter=EnergyGridTest.FindEnergyBin" "--gtest_also_run_disabled_tests"
Directory: /workspaces/SM_2D/build/tests
"EnergyGridTest.FindEnergyBin" start time: Jan 22 03:55 UTC
Output:
----------------------------------------------------------
Running main() from ./googletest/src/gtest_main.cc
Note: Google Test filter = EnergyGridTest.FindEnergyBin
[==========] Running 1 test from 1 test suite.
[----------] Global test environment set-up.
[----------] 1 test from EnergyGridTest
[ RUN      ] EnergyGridTest.FindEnergyBin
[       OK ] EnergyGridTest.FindEnergyBin (0 ms)
[----------] 1 test from EnergyGridTest (0 ms total)

[----------] Global test environment tear-down
[==========] 1 test from 1 test suite ran. (0 ms total)
[  PASSED  ] 1 test.
<end of output>
Test time =   0.00 sec
----------------------------------------------------------
Test Passed.
"EnergyGridTest.FindEnergyBin" end time: Jan 22 03:55 UTC
"EnergyGridTest.FindEnergyBin" time elapsed: 00:00:00
----------------------------------------------------------

13/88 Testing: AngularGridTest.BinEdgesCorrect
13/88 Test: AngularGridTest.BinEdgesCorrect
Command: "/workspaces/SM_2D/build/tests/sm2d_tests" "--gtest_filter=AngularGridTest.BinEdgesCorrect" "--gtest_also_run_disabled_tests"
Directory: /workspaces/SM_2D/build/tests
"AngularGridTest.BinEdgesCorrect" start time: Jan 22 03:55 UTC
Output:
----------------------------------------------------------
Running main() from ./googletest/src/gtest_main.cc
Note: Google Test filter = AngularGridTest.BinEdgesCorrect
[==========] Running 1 test from 1 test suite.
[----------] Global test environment set-up.
[----------] 1 test from AngularGridTest
[ RUN      ] AngularGridTest.BinEdgesCorrect
[       OK ] AngularGridTest.BinEdgesCorrect (0 ms)
[----------] 1 test from AngularGridTest (0 ms total)

[----------] Global test environment tear-down
[==========] 1 test from 1 test suite ran. (0 ms total)
[  PASSED  ] 1 test.
<end of output>
Test time =   0.00 sec
----------------------------------------------------------
Test Passed.
"AngularGridTest.BinEdgesCorrect" end time: Jan 22 03:55 UTC
"AngularGridTest.BinEdgesCorrect" time elapsed: 00:00:00
----------------------------------------------------------

14/88 Testing: RLUTTest.R_150MeV_WithinTolerance
14/88 Test: RLUTTest.R_150MeV_WithinTolerance
Command: "/workspaces/SM_2D/build/tests/sm2d_tests" "--gtest_filter=RLUTTest.R_150MeV_WithinTolerance" "--gtest_also_run_disabled_tests"
Directory: /workspaces/SM_2D/build/tests
"RLUTTest.R_150MeV_WithinTolerance" start time: Jan 22 03:55 UTC
Output:
----------------------------------------------------------
Running main() from ./googletest/src/gtest_main.cc
Note: Google Test filter = RLUTTest.R_150MeV_WithinTolerance
[==========] Running 1 test from 1 test suite.
[----------] Global test environment set-up.
[----------] 1 test from RLUTTest
[ RUN      ] RLUTTest.R_150MeV_WithinTolerance
[       OK ] RLUTTest.R_150MeV_WithinTolerance (0 ms)
[----------] 1 test from RLUTTest (0 ms total)

[----------] Global test environment tear-down
[==========] 1 test from 1 test suite ran. (0 ms total)
[  PASSED  ] 1 test.
<end of output>
Test time =   0.00 sec
----------------------------------------------------------
Test Passed.
"RLUTTest.R_150MeV_WithinTolerance" end time: Jan 22 03:55 UTC
"RLUTTest.R_150MeV_WithinTolerance" time elapsed: 00:00:00
----------------------------------------------------------

15/88 Testing: RLUTTest.R_70MeV_WithinTolerance
15/88 Test: RLUTTest.R_70MeV_WithinTolerance
Command: "/workspaces/SM_2D/build/tests/sm2d_tests" "--gtest_filter=RLUTTest.R_70MeV_WithinTolerance" "--gtest_also_run_disabled_tests"
Directory: /workspaces/SM_2D/build/tests
"RLUTTest.R_70MeV_WithinTolerance" start time: Jan 22 03:55 UTC
Output:
----------------------------------------------------------
Running main() from ./googletest/src/gtest_main.cc
Note: Google Test filter = RLUTTest.R_70MeV_WithinTolerance
[==========] Running 1 test from 1 test suite.
[----------] Global test environment set-up.
[----------] 1 test from RLUTTest
[ RUN      ] RLUTTest.R_70MeV_WithinTolerance
[       OK ] RLUTTest.R_70MeV_WithinTolerance (0 ms)
[----------] 1 test from RLUTTest (0 ms total)

[----------] Global test environment tear-down
[==========] 1 test from 1 test suite ran. (0 ms total)
[  PASSED  ] 1 test.
<end of output>
Test time =   0.00 sec
----------------------------------------------------------
Test Passed.
"RLUTTest.R_70MeV_WithinTolerance" end time: Jan 22 03:55 UTC
"RLUTTest.R_70MeV_WithinTolerance" time elapsed: 00:00:00
----------------------------------------------------------

16/88 Testing: RLUTTest.InverseConsistency
16/88 Test: RLUTTest.InverseConsistency
Command: "/workspaces/SM_2D/build/tests/sm2d_tests" "--gtest_filter=RLUTTest.InverseConsistency" "--gtest_also_run_disabled_tests"
Directory: /workspaces/SM_2D/build/tests
"RLUTTest.InverseConsistency" start time: Jan 22 03:55 UTC
Output:
----------------------------------------------------------
Running main() from ./googletest/src/gtest_main.cc
Note: Google Test filter = RLUTTest.InverseConsistency
[==========] Running 1 test from 1 test suite.
[----------] Global test environment set-up.
[----------] 1 test from RLUTTest
[ RUN      ] RLUTTest.InverseConsistency
[       OK ] RLUTTest.InverseConsistency (0 ms)
[----------] 1 test from RLUTTest (0 ms total)

[----------] Global test environment tear-down
[==========] 1 test from 1 test suite ran. (0 ms total)
[  PASSED  ] 1 test.
<end of output>
Test time =   0.00 sec
----------------------------------------------------------
Test Passed.
"RLUTTest.InverseConsistency" end time: Jan 22 03:55 UTC
"RLUTTest.InverseConsistency" time elapsed: 00:00:00
----------------------------------------------------------

17/88 Testing: LocalBinsTest.LocalBinsEquals32
17/88 Test: LocalBinsTest.LocalBinsEquals32
Command: "/workspaces/SM_2D/build/tests/sm2d_tests" "--gtest_filter=LocalBinsTest.LocalBinsEquals32" "--gtest_also_run_disabled_tests"
Directory: /workspaces/SM_2D/build/tests
"LocalBinsTest.LocalBinsEquals32" start time: Jan 22 03:55 UTC
Output:
----------------------------------------------------------
Running main() from ./googletest/src/gtest_main.cc
Note: Google Test filter = LocalBinsTest.LocalBinsEquals32
[==========] Running 1 test from 1 test suite.
[----------] Global test environment set-up.
[----------] 1 test from LocalBinsTest
[ RUN      ] LocalBinsTest.LocalBinsEquals32
[       OK ] LocalBinsTest.LocalBinsEquals32 (0 ms)
[----------] 1 test from LocalBinsTest (0 ms total)

[----------] Global test environment tear-down
[==========] 1 test from 1 test suite ran. (0 ms total)
[  PASSED  ] 1 test.
<end of output>
Test time =   0.00 sec
----------------------------------------------------------
Test Passed.
"LocalBinsTest.LocalBinsEquals32" end time: Jan 22 03:55 UTC
"LocalBinsTest.LocalBinsEquals32" time elapsed: 00:00:00
----------------------------------------------------------

18/88 Testing: LocalBinsTest.EncodeDecodeRoundTrip
18/88 Test: LocalBinsTest.EncodeDecodeRoundTrip
Command: "/workspaces/SM_2D/build/tests/sm2d_tests" "--gtest_filter=LocalBinsTest.EncodeDecodeRoundTrip" "--gtest_also_run_disabled_tests"
Directory: /workspaces/SM_2D/build/tests
"LocalBinsTest.EncodeDecodeRoundTrip" start time: Jan 22 03:55 UTC
Output:
----------------------------------------------------------
Running main() from ./googletest/src/gtest_main.cc
Note: Google Test filter = LocalBinsTest.EncodeDecodeRoundTrip
[==========] Running 1 test from 1 test suite.
[----------] Global test environment set-up.
[----------] 1 test from LocalBinsTest
[ RUN      ] LocalBinsTest.EncodeDecodeRoundTrip
[       OK ] LocalBinsTest.EncodeDecodeRoundTrip (0 ms)
[----------] 1 test from LocalBinsTest (0 ms total)

[----------] Global test environment tear-down
[==========] 1 test from 1 test suite ran. (0 ms total)
[  PASSED  ] 1 test.
<end of output>
Test time =   0.01 sec
----------------------------------------------------------
Test Passed.
"LocalBinsTest.EncodeDecodeRoundTrip" end time: Jan 22 03:55 UTC
"LocalBinsTest.EncodeDecodeRoundTrip" time elapsed: 00:00:00
----------------------------------------------------------

19/88 Testing: BlockEncodingTest.EncodeDecodeRoundTrip
19/88 Test: BlockEncodingTest.EncodeDecodeRoundTrip
Command: "/workspaces/SM_2D/build/tests/sm2d_tests" "--gtest_filter=BlockEncodingTest.EncodeDecodeRoundTrip" "--gtest_also_run_disabled_tests"
Directory: /workspaces/SM_2D/build/tests
"BlockEncodingTest.EncodeDecodeRoundTrip" start time: Jan 22 03:55 UTC
Output:
----------------------------------------------------------
Running main() from ./googletest/src/gtest_main.cc
Note: Google Test filter = BlockEncodingTest.EncodeDecodeRoundTrip
[==========] Running 1 test from 1 test suite.
[----------] Global test environment set-up.
[----------] 1 test from BlockEncodingTest
[ RUN      ] BlockEncodingTest.EncodeDecodeRoundTrip
[       OK ] BlockEncodingTest.EncodeDecodeRoundTrip (2 ms)
[----------] 1 test from BlockEncodingTest (2 ms total)

[----------] Global test environment tear-down
[==========] 1 test from 1 test suite ran. (2 ms total)
[  PASSED  ] 1 test.
<end of output>
Test time =   0.01 sec
----------------------------------------------------------
Test Passed.
"BlockEncodingTest.EncodeDecodeRoundTrip" end time: Jan 22 03:55 UTC
"BlockEncodingTest.EncodeDecodeRoundTrip" time elapsed: 00:00:00
----------------------------------------------------------

20/88 Testing: PsiStorageTest.InitializeEmpty
20/88 Test: PsiStorageTest.InitializeEmpty
Command: "/workspaces/SM_2D/build/tests/sm2d_tests" "--gtest_filter=PsiStorageTest.InitializeEmpty" "--gtest_also_run_disabled_tests"
Directory: /workspaces/SM_2D/build/tests
"PsiStorageTest.InitializeEmpty" start time: Jan 22 03:55 UTC
Output:
----------------------------------------------------------
Running main() from ./googletest/src/gtest_main.cc
Note: Google Test filter = PsiStorageTest.InitializeEmpty
[==========] Running 1 test from 1 test suite.
[----------] Global test environment set-up.
[----------] 1 test from PsiStorageTest
[ RUN      ] PsiStorageTest.InitializeEmpty
[       OK ] PsiStorageTest.InitializeEmpty (12 ms)
[----------] 1 test from PsiStorageTest (12 ms total)

[----------] Global test environment tear-down
[==========] 1 test from 1 test suite ran. (12 ms total)
[  PASSED  ] 1 test.
<end of output>
Test time =   0.02 sec
----------------------------------------------------------
Test Passed.
"PsiStorageTest.InitializeEmpty" end time: Jan 22 03:55 UTC
"PsiStorageTest.InitializeEmpty" time elapsed: 00:00:00
----------------------------------------------------------

21/88 Testing: PsiStorageTest.AllocateAndAccess
21/88 Test: PsiStorageTest.AllocateAndAccess
Command: "/workspaces/SM_2D/build/tests/sm2d_tests" "--gtest_filter=PsiStorageTest.AllocateAndAccess" "--gtest_also_run_disabled_tests"
Directory: /workspaces/SM_2D/build/tests
"PsiStorageTest.AllocateAndAccess" start time: Jan 22 03:55 UTC
Output:
----------------------------------------------------------
Running main() from ./googletest/src/gtest_main.cc
Note: Google Test filter = PsiStorageTest.AllocateAndAccess
[==========] Running 1 test from 1 test suite.
[----------] Global test environment set-up.
[----------] 1 test from PsiStorageTest
[ RUN      ] PsiStorageTest.AllocateAndAccess
[       OK ] PsiStorageTest.AllocateAndAccess (9 ms)
[----------] 1 test from PsiStorageTest (9 ms total)

[----------] Global test environment tear-down
[==========] 1 test from 1 test suite ran. (9 ms total)
[  PASSED  ] 1 test.
<end of output>
Test time =   0.01 sec
----------------------------------------------------------
Test Passed.
"PsiStorageTest.AllocateAndAccess" end time: Jan 22 03:55 UTC
"PsiStorageTest.AllocateAndAccess" time elapsed: 00:00:00
----------------------------------------------------------

22/88 Testing: BucketTest.InitializeEmpty
22/88 Test: BucketTest.InitializeEmpty
Command: "/workspaces/SM_2D/build/tests/sm2d_tests" "--gtest_filter=BucketTest.InitializeEmpty" "--gtest_also_run_disabled_tests"
Directory: /workspaces/SM_2D/build/tests
"BucketTest.InitializeEmpty" start time: Jan 22 03:55 UTC
Output:
----------------------------------------------------------
Running main() from ./googletest/src/gtest_main.cc
Note: Google Test filter = BucketTest.InitializeEmpty
[==========] Running 1 test from 1 test suite.
[----------] Global test environment set-up.
[----------] 1 test from BucketTest
[ RUN      ] BucketTest.InitializeEmpty
[       OK ] BucketTest.InitializeEmpty (0 ms)
[----------] 1 test from BucketTest (0 ms total)

[----------] Global test environment tear-down
[==========] 1 test from 1 test suite ran. (0 ms total)
[  PASSED  ] 1 test.
<end of output>
Test time =   0.01 sec
----------------------------------------------------------
Test Passed.
"BucketTest.InitializeEmpty" end time: Jan 22 03:55 UTC
"BucketTest.InitializeEmpty" time elapsed: 00:00:00
----------------------------------------------------------

23/88 Testing: BucketTest.EmitToBucket
23/88 Test: BucketTest.EmitToBucket
Command: "/workspaces/SM_2D/build/tests/sm2d_tests" "--gtest_filter=BucketTest.EmitToBucket" "--gtest_also_run_disabled_tests"
Directory: /workspaces/SM_2D/build/tests
"BucketTest.EmitToBucket" start time: Jan 22 03:55 UTC
Output:
----------------------------------------------------------
Running main() from ./googletest/src/gtest_main.cc
Note: Google Test filter = BucketTest.EmitToBucket
[==========] Running 1 test from 1 test suite.
[----------] Global test environment set-up.
[----------] 1 test from BucketTest
[ RUN      ] BucketTest.EmitToBucket
[       OK ] BucketTest.EmitToBucket (0 ms)
[----------] 1 test from BucketTest (0 ms total)

[----------] Global test environment tear-down
[==========] 1 test from 1 test suite ran. (0 ms total)
[  PASSED  ] 1 test.
<end of output>
Test time =   0.01 sec
----------------------------------------------------------
Test Passed.
"BucketTest.EmitToBucket" end time: Jan 22 03:55 UTC
"BucketTest.EmitToBucket" time elapsed: 00:00:00
----------------------------------------------------------

24/88 Testing: StepControlTest.StepSizePositive
24/88 Test: StepControlTest.StepSizePositive
Command: "/workspaces/SM_2D/build/tests/sm2d_tests" "--gtest_filter=StepControlTest.StepSizePositive" "--gtest_also_run_disabled_tests"
Directory: /workspaces/SM_2D/build/tests
"StepControlTest.StepSizePositive" start time: Jan 22 03:55 UTC
Output:
----------------------------------------------------------
Running main() from ./googletest/src/gtest_main.cc
Note: Google Test filter = StepControlTest.StepSizePositive
[==========] Running 1 test from 1 test suite.
[----------] Global test environment set-up.
[----------] 1 test from StepControlTest
[ RUN      ] StepControlTest.StepSizePositive
[       OK ] StepControlTest.StepSizePositive (0 ms)
[----------] 1 test from StepControlTest (0 ms total)

[----------] Global test environment tear-down
[==========] 1 test from 1 test suite ran. (0 ms total)
[  PASSED  ] 1 test.
<end of output>
Test time =   0.01 sec
----------------------------------------------------------
Test Passed.
"StepControlTest.StepSizePositive" end time: Jan 22 03:55 UTC
"StepControlTest.StepSizePositive" time elapsed: 00:00:00
----------------------------------------------------------

25/88 Testing: StepControlTest.StepSizeSmallerNearBragg
25/88 Test: StepControlTest.StepSizeSmallerNearBragg
Command: "/workspaces/SM_2D/build/tests/sm2d_tests" "--gtest_filter=StepControlTest.StepSizeSmallerNearBragg" "--gtest_also_run_disabled_tests"
Directory: /workspaces/SM_2D/build/tests
"StepControlTest.StepSizeSmallerNearBragg" start time: Jan 22 03:55 UTC
Output:
----------------------------------------------------------
Running main() from ./googletest/src/gtest_main.cc
Note: Google Test filter = StepControlTest.StepSizeSmallerNearBragg
[==========] Running 1 test from 1 test suite.
[----------] Global test environment set-up.
[----------] 1 test from StepControlTest
[ RUN      ] StepControlTest.StepSizeSmallerNearBragg
[       OK ] StepControlTest.StepSizeSmallerNearBragg (0 ms)
[----------] 1 test from StepControlTest (0 ms total)

[----------] Global test environment tear-down
[==========] 1 test from 1 test suite ran. (0 ms total)
[  PASSED  ] 1 test.
<end of output>
Test time =   0.01 sec
----------------------------------------------------------
Test Passed.
"StepControlTest.StepSizeSmallerNearBragg" end time: Jan 22 03:55 UTC
"StepControlTest.StepSizeSmallerNearBragg" time elapsed: 00:00:00
----------------------------------------------------------

26/88 Testing: StepControlTest.EnergyDecreases
26/88 Test: StepControlTest.EnergyDecreases
Command: "/workspaces/SM_2D/build/tests/sm2d_tests" "--gtest_filter=StepControlTest.EnergyDecreases" "--gtest_also_run_disabled_tests"
Directory: /workspaces/SM_2D/build/tests
"StepControlTest.EnergyDecreases" start time: Jan 22 03:55 UTC
Output:
----------------------------------------------------------
Running main() from ./googletest/src/gtest_main.cc
Note: Google Test filter = StepControlTest.EnergyDecreases
[==========] Running 1 test from 1 test suite.
[----------] Global test environment set-up.
[----------] 1 test from StepControlTest
[ RUN      ] StepControlTest.EnergyDecreases
[       OK ] StepControlTest.EnergyDecreases (0 ms)
[----------] 1 test from StepControlTest (0 ms total)

[----------] Global test environment tear-down
[==========] 1 test from 1 test suite ran. (0 ms total)
[  PASSED  ] 1 test.
<end of output>
Test time =   0.01 sec
----------------------------------------------------------
Test Passed.
"StepControlTest.EnergyDecreases" end time: Jan 22 03:55 UTC
"StepControlTest.EnergyDecreases" time elapsed: 00:00:00
----------------------------------------------------------

27/88 Testing: HighlandTest.SigmaPositive
27/88 Test: HighlandTest.SigmaPositive
Command: "/workspaces/SM_2D/build/tests/sm2d_tests" "--gtest_filter=HighlandTest.SigmaPositive" "--gtest_also_run_disabled_tests"
Directory: /workspaces/SM_2D/build/tests
"HighlandTest.SigmaPositive" start time: Jan 22 03:55 UTC
Output:
----------------------------------------------------------
Running main() from ./googletest/src/gtest_main.cc
Note: Google Test filter = HighlandTest.SigmaPositive
[==========] Running 1 test from 1 test suite.
[----------] Global test environment set-up.
[----------] 1 test from HighlandTest
[ RUN      ] HighlandTest.SigmaPositive
[       OK ] HighlandTest.SigmaPositive (0 ms)
[----------] 1 test from HighlandTest (0 ms total)

[----------] Global test environment tear-down
[==========] 1 test from 1 test suite ran. (0 ms total)
[  PASSED  ] 1 test.
<end of output>
Test time =   0.01 sec
----------------------------------------------------------
Test Passed.
"HighlandTest.SigmaPositive" end time: Jan 22 03:55 UTC
"HighlandTest.SigmaPositive" time elapsed: 00:00:00
----------------------------------------------------------

28/88 Testing: HighlandTest.SigmaIncreasesWithStep
28/88 Test: HighlandTest.SigmaIncreasesWithStep
Command: "/workspaces/SM_2D/build/tests/sm2d_tests" "--gtest_filter=HighlandTest.SigmaIncreasesWithStep" "--gtest_also_run_disabled_tests"
Directory: /workspaces/SM_2D/build/tests
"HighlandTest.SigmaIncreasesWithStep" start time: Jan 22 03:55 UTC
Output:
----------------------------------------------------------
Running main() from ./googletest/src/gtest_main.cc
Note: Google Test filter = HighlandTest.SigmaIncreasesWithStep
[==========] Running 1 test from 1 test suite.
[----------] Global test environment set-up.
[----------] 1 test from HighlandTest
[ RUN      ] HighlandTest.SigmaIncreasesWithStep
[       OK ] HighlandTest.SigmaIncreasesWithStep (0 ms)
[----------] 1 test from HighlandTest (0 ms total)

[----------] Global test environment tear-down
[==========] 1 test from 1 test suite ran. (0 ms total)
[  PASSED  ] 1 test.
<end of output>
Test time =   0.00 sec
----------------------------------------------------------
Test Passed.
"HighlandTest.SigmaIncreasesWithStep" end time: Jan 22 03:55 UTC
"HighlandTest.SigmaIncreasesWithStep" time elapsed: 00:00:00
----------------------------------------------------------

29/88 Testing: HighlandTest.SigmaDecreasesWithEnergy
29/88 Test: HighlandTest.SigmaDecreasesWithEnergy
Command: "/workspaces/SM_2D/build/tests/sm2d_tests" "--gtest_filter=HighlandTest.SigmaDecreasesWithEnergy" "--gtest_also_run_disabled_tests"
Directory: /workspaces/SM_2D/build/tests
"HighlandTest.SigmaDecreasesWithEnergy" start time: Jan 22 03:55 UTC
Output:
----------------------------------------------------------
Running main() from ./googletest/src/gtest_main.cc
Note: Google Test filter = HighlandTest.SigmaDecreasesWithEnergy
[==========] Running 1 test from 1 test suite.
[----------] Global test environment set-up.
[----------] 1 test from HighlandTest
[ RUN      ] HighlandTest.SigmaDecreasesWithEnergy
[       OK ] HighlandTest.SigmaDecreasesWithEnergy (0 ms)
[----------] 1 test from HighlandTest (0 ms total)

[----------] Global test environment tear-down
[==========] 1 test from 1 test suite ran. (0 ms total)
[  PASSED  ] 1 test.
<end of output>
Test time =   0.01 sec
----------------------------------------------------------
Test Passed.
"HighlandTest.SigmaDecreasesWithEnergy" end time: Jan 22 03:55 UTC
"HighlandTest.SigmaDecreasesWithEnergy" time elapsed: 00:00:00
----------------------------------------------------------

30/88 Testing: NuclearTest.CrossSectionPositive
30/88 Test: NuclearTest.CrossSectionPositive
Command: "/workspaces/SM_2D/build/tests/sm2d_tests" "--gtest_filter=NuclearTest.CrossSectionPositive" "--gtest_also_run_disabled_tests"
Directory: /workspaces/SM_2D/build/tests
"NuclearTest.CrossSectionPositive" start time: Jan 22 03:55 UTC
Output:
----------------------------------------------------------
Running main() from ./googletest/src/gtest_main.cc
Note: Google Test filter = NuclearTest.CrossSectionPositive
[==========] Running 1 test from 1 test suite.
[----------] Global test environment set-up.
[----------] 1 test from NuclearTest
[ RUN      ] NuclearTest.CrossSectionPositive
[       OK ] NuclearTest.CrossSectionPositive (0 ms)
[----------] 1 test from NuclearTest (0 ms total)

[----------] Global test environment tear-down
[==========] 1 test from 1 test suite ran. (0 ms total)
[  PASSED  ] 1 test.
<end of output>
Test time =   0.01 sec
----------------------------------------------------------
Test Passed.
"NuclearTest.CrossSectionPositive" end time: Jan 22 03:55 UTC
"NuclearTest.CrossSectionPositive" time elapsed: 00:00:00
----------------------------------------------------------

31/88 Testing: NuclearTest.AttenuationReducesWeight
31/88 Test: NuclearTest.AttenuationReducesWeight
Command: "/workspaces/SM_2D/build/tests/sm2d_tests" "--gtest_filter=NuclearTest.AttenuationReducesWeight" "--gtest_also_run_disabled_tests"
Directory: /workspaces/SM_2D/build/tests
"NuclearTest.AttenuationReducesWeight" start time: Jan 22 03:55 UTC
Output:
----------------------------------------------------------
Running main() from ./googletest/src/gtest_main.cc
Note: Google Test filter = NuclearTest.AttenuationReducesWeight
[==========] Running 1 test from 1 test suite.
[----------] Global test environment set-up.
[----------] 1 test from NuclearTest
[ RUN      ] NuclearTest.AttenuationReducesWeight
[       OK ] NuclearTest.AttenuationReducesWeight (0 ms)
[----------] 1 test from NuclearTest (0 ms total)

[----------] Global test environment tear-down
[==========] 1 test from 1 test suite ran. (0 ms total)
[  PASSED  ] 1 test.
<end of output>
Test time =   0.01 sec
----------------------------------------------------------
Test Passed.
"NuclearTest.AttenuationReducesWeight" end time: Jan 22 03:55 UTC
"NuclearTest.AttenuationReducesWeight" time elapsed: 00:00:00
----------------------------------------------------------

32/88 Testing: NuclearTest.EnergyTracked
32/88 Test: NuclearTest.EnergyTracked
Command: "/workspaces/SM_2D/build/tests/sm2d_tests" "--gtest_filter=NuclearTest.EnergyTracked" "--gtest_also_run_disabled_tests"
Directory: /workspaces/SM_2D/build/tests
"NuclearTest.EnergyTracked" start time: Jan 22 03:55 UTC
Output:
----------------------------------------------------------
Running main() from ./googletest/src/gtest_main.cc
Note: Google Test filter = NuclearTest.EnergyTracked
[==========] Running 1 test from 1 test suite.
[----------] Global test environment set-up.
[----------] 1 test from NuclearTest
[ RUN      ] NuclearTest.EnergyTracked
[       OK ] NuclearTest.EnergyTracked (0 ms)
[----------] 1 test from NuclearTest (0 ms total)

[----------] Global test environment tear-down
[==========] 1 test from 1 test suite ran. (0 ms total)
[  PASSED  ] 1 test.
<end of output>
Test time =   0.01 sec
----------------------------------------------------------
Test Passed.
"NuclearTest.EnergyTracked" end time: Jan 22 03:55 UTC
"NuclearTest.EnergyTracked" time elapsed: 00:00:00
----------------------------------------------------------

33/88 Testing: K1Test.HighEnergyTriggered
33/88 Test: K1Test.HighEnergyTriggered
Command: "/workspaces/SM_2D/build/tests/sm2d_tests" "--gtest_filter=K1Test.HighEnergyTriggered" "--gtest_also_run_disabled_tests"
Directory: /workspaces/SM_2D/build/tests
"K1Test.HighEnergyTriggered" start time: Jan 22 03:55 UTC
Output:
----------------------------------------------------------
Running main() from ./googletest/src/gtest_main.cc
Note: Google Test filter = K1Test.HighEnergyTriggered
[==========] Running 1 test from 1 test suite.
[----------] Global test environment set-up.
[----------] 1 test from K1Test
[ RUN      ] K1Test.HighEnergyTriggered
[       OK ] K1Test.HighEnergyTriggered (0 ms)
[----------] 1 test from K1Test (0 ms total)

[----------] Global test environment tear-down
[==========] 1 test from 1 test suite ran. (0 ms total)
[  PASSED  ] 1 test.
<end of output>
Test time =   0.00 sec
----------------------------------------------------------
Test Passed.
"K1Test.HighEnergyTriggered" end time: Jan 22 03:55 UTC
"K1Test.HighEnergyTriggered" time elapsed: 00:00:00
----------------------------------------------------------

34/88 Testing: K1Test.LowEnergyNotTriggered
34/88 Test: K1Test.LowEnergyNotTriggered
Command: "/workspaces/SM_2D/build/tests/sm2d_tests" "--gtest_filter=K1Test.LowEnergyNotTriggered" "--gtest_also_run_disabled_tests"
Directory: /workspaces/SM_2D/build/tests
"K1Test.LowEnergyNotTriggered" start time: Jan 22 03:55 UTC
Output:
----------------------------------------------------------
Running main() from ./googletest/src/gtest_main.cc
Note: Google Test filter = K1Test.LowEnergyNotTriggered
[==========] Running 1 test from 1 test suite.
[----------] Global test environment set-up.
[----------] 1 test from K1Test
[ RUN      ] K1Test.LowEnergyNotTriggered
[       OK ] K1Test.LowEnergyNotTriggered (0 ms)
[----------] 1 test from K1Test (0 ms total)

[----------] Global test environment tear-down
[==========] 1 test from 1 test suite ran. (0 ms total)
[  PASSED  ] 1 test.
<end of output>
Test time =   0.01 sec
----------------------------------------------------------
Test Passed.
"K1Test.LowEnergyNotTriggered" end time: Jan 22 03:55 UTC
"K1Test.LowEnergyNotTriggered" time elapsed: 00:00:00
----------------------------------------------------------

35/88 Testing: K1Test.WeightThreshold
35/88 Test: K1Test.WeightThreshold
Command: "/workspaces/SM_2D/build/tests/sm2d_tests" "--gtest_filter=K1Test.WeightThreshold" "--gtest_also_run_disabled_tests"
Directory: /workspaces/SM_2D/build/tests
"K1Test.WeightThreshold" start time: Jan 22 03:55 UTC
Output:
----------------------------------------------------------
Running main() from ./googletest/src/gtest_main.cc
Note: Google Test filter = K1Test.WeightThreshold
[==========] Running 1 test from 1 test suite.
[----------] Global test environment set-up.
[----------] 1 test from K1Test
[ RUN      ] K1Test.WeightThreshold
[       OK ] K1Test.WeightThreshold (0 ms)
[----------] 1 test from K1Test (0 ms total)

[----------] Global test environment tear-down
[==========] 1 test from 1 test suite ran. (0 ms total)
[  PASSED  ] 1 test.
<end of output>
Test time =   0.01 sec
----------------------------------------------------------
Test Passed.
"K1Test.WeightThreshold" end time: Jan 22 03:55 UTC
"K1Test.WeightThreshold" time elapsed: 00:00:00
----------------------------------------------------------

36/88 Testing: K1Test.MultipleCells
36/88 Test: K1Test.MultipleCells
Command: "/workspaces/SM_2D/build/tests/sm2d_tests" "--gtest_filter=K1Test.MultipleCells" "--gtest_also_run_disabled_tests"
Directory: /workspaces/SM_2D/build/tests
"K1Test.MultipleCells" start time: Jan 22 03:55 UTC
Output:
----------------------------------------------------------
Running main() from ./googletest/src/gtest_main.cc
Note: Google Test filter = K1Test.MultipleCells
[==========] Running 1 test from 1 test suite.
[----------] Global test environment set-up.
[----------] 1 test from K1Test
[ RUN      ] K1Test.MultipleCells
[       OK ] K1Test.MultipleCells (0 ms)
[----------] 1 test from K1Test (0 ms total)

[----------] Global test environment tear-down
[==========] 1 test from 1 test suite ran. (0 ms total)
[  PASSED  ] 1 test.
<end of output>
Test time =   0.01 sec
----------------------------------------------------------
Test Passed.
"K1Test.MultipleCells" end time: Jan 22 03:55 UTC
"K1Test.MultipleCells" time elapsed: 00:00:00
----------------------------------------------------------

37/88 Testing: K3Test.EnergyCutoff
37/88 Test: K3Test.EnergyCutoff
Command: "/workspaces/SM_2D/build/tests/sm2d_tests" "--gtest_filter=K3Test.EnergyCutoff" "--gtest_also_run_disabled_tests"
Directory: /workspaces/SM_2D/build/tests
"K3Test.EnergyCutoff" start time: Jan 22 03:55 UTC
Output:
----------------------------------------------------------
Running main() from ./googletest/src/gtest_main.cc
Note: Google Test filter = K3Test.EnergyCutoff
[==========] Running 1 test from 1 test suite.
[----------] Global test environment set-up.
[----------] 1 test from K3Test
[ RUN      ] K3Test.EnergyCutoff
[       OK ] K3Test.EnergyCutoff (0 ms)
[----------] 1 test from K3Test (0 ms total)

[----------] Global test environment tear-down
[==========] 1 test from 1 test suite ran. (0 ms total)
[  PASSED  ] 1 test.
<end of output>
Test time =   0.00 sec
----------------------------------------------------------
Test Passed.
"K3Test.EnergyCutoff" end time: Jan 22 03:55 UTC
"K3Test.EnergyCutoff" time elapsed: 00:00:00
----------------------------------------------------------

38/88 Testing: K3Test.SingleStepTransport
38/88 Test: K3Test.SingleStepTransport
Command: "/workspaces/SM_2D/build/tests/sm2d_tests" "--gtest_filter=K3Test.SingleStepTransport" "--gtest_also_run_disabled_tests"
Directory: /workspaces/SM_2D/build/tests
"K3Test.SingleStepTransport" start time: Jan 22 03:55 UTC
Output:
----------------------------------------------------------
Running main() from ./googletest/src/gtest_main.cc
Note: Google Test filter = K3Test.SingleStepTransport
[==========] Running 1 test from 1 test suite.
[----------] Global test environment set-up.
[----------] 1 test from K3Test
[ RUN      ] K3Test.SingleStepTransport
[       OK ] K3Test.SingleStepTransport (0 ms)
[----------] 1 test from K3Test (0 ms total)

[----------] Global test environment tear-down
[==========] 1 test from 1 test suite ran. (0 ms total)
[  PASSED  ] 1 test.
<end of output>
Test time =   0.01 sec
----------------------------------------------------------
Test Passed.
"K3Test.SingleStepTransport" end time: Jan 22 03:55 UTC
"K3Test.SingleStepTransport" time elapsed: 00:00:00
----------------------------------------------------------

39/88 Testing: K3Test.NuclearAttenuation
39/88 Test: K3Test.NuclearAttenuation
Command: "/workspaces/SM_2D/build/tests/sm2d_tests" "--gtest_filter=K3Test.NuclearAttenuation" "--gtest_also_run_disabled_tests"
Directory: /workspaces/SM_2D/build/tests
"K3Test.NuclearAttenuation" start time: Jan 22 03:55 UTC
Output:
----------------------------------------------------------
Running main() from ./googletest/src/gtest_main.cc
Note: Google Test filter = K3Test.NuclearAttenuation
[==========] Running 1 test from 1 test suite.
[----------] Global test environment set-up.
[----------] 1 test from K3Test
[ RUN      ] K3Test.NuclearAttenuation
[       OK ] K3Test.NuclearAttenuation (0 ms)
[----------] 1 test from K3Test (0 ms total)

[----------] Global test environment tear-down
[==========] 1 test from 1 test suite ran. (0 ms total)
[  PASSED  ] 1 test.
<end of output>
Test time =   0.01 sec
----------------------------------------------------------
Test Passed.
"K3Test.NuclearAttenuation" end time: Jan 22 03:55 UTC
"K3Test.NuclearAttenuation" time elapsed: 00:00:00
----------------------------------------------------------

40/88 Testing: K3Test.AngularSplit
40/88 Test: K3Test.AngularSplit
Command: "/workspaces/SM_2D/build/tests/sm2d_tests" "--gtest_filter=K3Test.AngularSplit" "--gtest_also_run_disabled_tests"
Directory: /workspaces/SM_2D/build/tests
"K3Test.AngularSplit" start time: Jan 22 03:55 UTC
Output:
----------------------------------------------------------
Running main() from ./googletest/src/gtest_main.cc
Note: Google Test filter = K3Test.AngularSplit
[==========] Running 1 test from 1 test suite.
[----------] Global test environment set-up.
[----------] 1 test from K3Test
[ RUN      ] K3Test.AngularSplit
[       OK ] K3Test.AngularSplit (0 ms)
[----------] 1 test from K3Test (0 ms total)

[----------] Global test environment tear-down
[==========] 1 test from 1 test suite ran. (0 ms total)
[  PASSED  ] 1 test.
<end of output>
Test time =   0.01 sec
----------------------------------------------------------
Test Passed.
"K3Test.AngularSplit" end time: Jan 22 03:55 UTC
"K3Test.AngularSplit" time elapsed: 00:00:00
----------------------------------------------------------

41/88 Testing: PencilSourceTest.DefaultValues
41/88 Test: PencilSourceTest.DefaultValues
Command: "/workspaces/SM_2D/build/tests/sm2d_tests" "--gtest_filter=PencilSourceTest.DefaultValues" "--gtest_also_run_disabled_tests"
Directory: /workspaces/SM_2D/build/tests
"PencilSourceTest.DefaultValues" start time: Jan 22 03:55 UTC
Output:
----------------------------------------------------------
Running main() from ./googletest/src/gtest_main.cc
Note: Google Test filter = PencilSourceTest.DefaultValues
[==========] Running 1 test from 1 test suite.
[----------] Global test environment set-up.
[----------] 1 test from PencilSourceTest
[ RUN      ] PencilSourceTest.DefaultValues
[       OK ] PencilSourceTest.DefaultValues (0 ms)
[----------] 1 test from PencilSourceTest (0 ms total)

[----------] Global test environment tear-down
[==========] 1 test from 1 test suite ran. (0 ms total)
[  PASSED  ] 1 test.
<end of output>
Test time =   0.00 sec
----------------------------------------------------------
Test Passed.
"PencilSourceTest.DefaultValues" end time: Jan 22 03:55 UTC
"PencilSourceTest.DefaultValues" time elapsed: 00:00:00
----------------------------------------------------------

42/88 Testing: PencilSourceTest.InjectionCorrectCell
42/88 Test: PencilSourceTest.InjectionCorrectCell
Command: "/workspaces/SM_2D/build/tests/sm2d_tests" "--gtest_filter=PencilSourceTest.InjectionCorrectCell" "--gtest_also_run_disabled_tests"
Directory: /workspaces/SM_2D/build/tests
"PencilSourceTest.InjectionCorrectCell" start time: Jan 22 03:55 UTC
Output:
----------------------------------------------------------
Running main() from ./googletest/src/gtest_main.cc
Note: Google Test filter = PencilSourceTest.InjectionCorrectCell
[==========] Running 1 test from 1 test suite.
[----------] Global test environment set-up.
[----------] 1 test from PencilSourceTest
[ RUN      ] PencilSourceTest.InjectionCorrectCell
[       OK ] PencilSourceTest.InjectionCorrectCell (0 ms)
[----------] 1 test from PencilSourceTest (0 ms total)

[----------] Global test environment tear-down
[==========] 1 test from 1 test suite ran. (0 ms total)
[  PASSED  ] 1 test.
<end of output>
Test time =   0.00 sec
----------------------------------------------------------
Test Passed.
"PencilSourceTest.InjectionCorrectCell" end time: Jan 22 03:55 UTC
"PencilSourceTest.InjectionCorrectCell" time elapsed: 00:00:00
----------------------------------------------------------

43/88 Testing: GaussianSourceTest.DefaultValues
43/88 Test: GaussianSourceTest.DefaultValues
Command: "/workspaces/SM_2D/build/tests/sm2d_tests" "--gtest_filter=GaussianSourceTest.DefaultValues" "--gtest_also_run_disabled_tests"
Directory: /workspaces/SM_2D/build/tests
"GaussianSourceTest.DefaultValues" start time: Jan 22 03:55 UTC
Output:
----------------------------------------------------------
Running main() from ./googletest/src/gtest_main.cc
Note: Google Test filter = GaussianSourceTest.DefaultValues
[==========] Running 1 test from 1 test suite.
[----------] Global test environment set-up.
[----------] 1 test from GaussianSourceTest
[ RUN      ] GaussianSourceTest.DefaultValues
[       OK ] GaussianSourceTest.DefaultValues (0 ms)
[----------] 1 test from GaussianSourceTest (0 ms total)

[----------] Global test environment tear-down
[==========] 1 test from 1 test suite ran. (0 ms total)
[  PASSED  ] 1 test.
<end of output>
Test time =   0.01 sec
----------------------------------------------------------
Test Passed.
"GaussianSourceTest.DefaultValues" end time: Jan 22 03:55 UTC
"GaussianSourceTest.DefaultValues" time elapsed: 00:00:00
----------------------------------------------------------

44/88 Testing: GaussianSourceTest.WeightSumConserved
44/88 Test: GaussianSourceTest.WeightSumConserved
Command: "/workspaces/SM_2D/build/tests/sm2d_tests" "--gtest_filter=GaussianSourceTest.WeightSumConserved" "--gtest_also_run_disabled_tests"
Directory: /workspaces/SM_2D/build/tests
"GaussianSourceTest.WeightSumConserved" start time: Jan 22 03:55 UTC
Output:
----------------------------------------------------------
Running main() from ./googletest/src/gtest_main.cc
Note: Google Test filter = GaussianSourceTest.WeightSumConserved
[==========] Running 1 test from 1 test suite.
[----------] Global test environment set-up.
[----------] 1 test from GaussianSourceTest
[ RUN      ] GaussianSourceTest.WeightSumConserved
/workspaces/SM_2D/tests/source/test_gaussian.cpp:29: Failure
The difference between total and src.W_total is 0.26799994707107544, which exceeds 1e-3f, where
total evaluates to 0.73200005292892456,
src.W_total evaluates to 1, and
1e-3f evaluates to 0.0010000000474974513.
[  FAILED  ] GaussianSourceTest.WeightSumConserved (2 ms)
[----------] 1 test from GaussianSourceTest (2 ms total)

[----------] Global test environment tear-down
[==========] 1 test from 1 test suite ran. (2 ms total)
[  PASSED  ] 0 tests.
[  FAILED  ] 1 test, listed below:
[  FAILED  ] GaussianSourceTest.WeightSumConserved

 1 FAILED TEST
<end of output>
Test time =   0.01 sec
----------------------------------------------------------
Test Failed.
"GaussianSourceTest.WeightSumConserved" end time: Jan 22 03:55 UTC
"GaussianSourceTest.WeightSumConserved" time elapsed: 00:00:00
----------------------------------------------------------

